<?xml version="1.0" encoding="UTF-8"?>
<!-- Generated by org.testng.reporters.JUnitReportReporter -->
<testsuite skipped="0" hostname="MOHIT4611" name="poc.mavegit.jenkins.intra.AppTest" tests="1" failures="0" timestamp="10 Mar 2019 06:02:06 GMT" time="0.010" errors="0">
  <testcase name="testApp" time="0.010" classname="poc.mavegit.jenkins.intra.AppTest"/>
</testsuite> <!-- poc.mavegit.jenkins.intra.AppTest -->
