<?xml version="1.0" encoding="UTF-8"?>
<!-- Generated by org.testng.reporters.JUnitReportReporter -->
<testsuite skipped="0" hostname="MOHIT4611" name="tests.NewTest" tests="1" failures="0" timestamp="10 Mar 2019 06:04:40 GMT" time="32.958" errors="0">
  <testcase name="openMyBlog" time="32.958" classname="tests.NewTest"/>
</testsuite> <!-- tests.NewTest -->
