<?xml version="1.0" encoding="UTF-8"?>
<!-- Generated by org.testng.reporters.JUnitReportReporter -->
<testsuite hostname="ND10ANLPC157" name="tests.NewTest" tests="1" failures="0" timestamp="30 Jan 2019 06:17:29 GMT" time="16.084" errors="0">
  <testcase name="openMyBlog" time="16.084" classname="tests.NewTest"/>
</testsuite> <!-- tests.NewTest -->
